# JRE version: OpenJDK Runtime Environment Temurin-21.0.9+10 (21.0.9+10) (build 21.0.9+10-LTS)
# Java VM: OpenJDK 64-Bit Server VM Temurin-21.0.9+10 (21.0.9+10-LTS, mixed mode, sharing, tiered, compressed oops, compressed class ptrs, parallel gc, windows-amd64)
GC Precious Log:
 CardTable entry size: 512
 CPUs: 16 total, 16 available
 Memory: 16082M
 Large Page Support: Disabled
 NUMA Support: Disabled
 Compressed Oops: Enabled (32-bit)
 Alignments: Space 512K, Generation 512K, Heap 2M
 Heap Min Capacity: 100M
 Heap Initial Capacity: 100M
 Heap Max Capacity: 2G
 Pre-touch: Disabled
 Parallel Workers: 13
Heap:
 PSYoungGen      total 20992K, used 3903K [0x00000000d5580000, 0x00000000d7180000, 0x0000000100000000)
  eden space 19456K, 12% used [0x00000000d5580000,0x00000000d57d7d88,0x00000000d6880000)
  from space 1536K, 97% used [0x00000000d6c00000,0x00000000d6d78010,0x00000000d6d80000)
  to   space 3584K, 0% used [0x00000000d6880000,0x00000000d6880000,0x00000000d6c00000)
 ParOldGen       total 68608K, used 33696K [0x0000000080000000, 0x0000000084300000, 0x00000000d5580000)
  object space 68608K, 49% used [0x0000000080000000,0x00000000820e8288,0x0000000084300000)
 Metaspace       used 62026K, committed 63360K, reserved 1114112K
  class space    used 6793K, committed 7360K, reserved 1048576K
GC Heap History (20 events):
Event: 6.716 GC heap before
{Heap before GC invocations=24 (full 2):
 PSYoungGen      total 23552K, used 23391K [0x00000000d5580000, 0x00000000d6e00000, 0x0000000100000000)
  eden space 22016K, 99% used [0x00000000d5580000,0x00000000d6affe08,0x00000000d6b00000)
  from space 1536K, 89% used [0x00000000d6c00000,0x00000000d6d58000,0x00000000d6d80000)
  to   space 512K, 0% used [0x00000000d6d80000,0x00000000d6d80000,0x00000000d6e00000)
 ParOldGen       total 68608K, used 29000K [0x0000000080000000, 0x0000000084300000, 0x00000000d5580000)
  object space 68608K, 42% used [0x0000000080000000,0x0000000081c52228,0x0000000084300000)
 Metaspace       used 53527K, committed 54784K, reserved 1114112K
  class space    used 5905K, committed 6464K, reserved 1048576K
}
Event: 6.717 GC heap after
{Heap after GC invocations=24 (full 2):
 PSYoungGen      total 22016K, used 480K [0x00000000d5580000, 0x00000000d7100000, 0x0000000100000000)
  eden space 21504K, 0% used [0x00000000d5580000,0x00000000d5580000,0x00000000d6a80000)
  from space 512K, 93% used [0x00000000d6d80000,0x00000000d6df8010,0x00000000d6e00000)
  to   space 3072K, 0% used [0x00000000d6a80000,0x00000000d6a80000,0x00000000d6d80000)
 ParOldGen       total 68608K, used 31243K [0x0000000080000000, 0x0000000084300000, 0x00000000d5580000)
  object space 68608K, 45% used [0x0000000080000000,0x0000000081e82dd8,0x0000000084300000)
 Metaspace       used 53527K, committed 54784K, reserved 1114112K
  class space    used 5905K, committed 6464K, reserved 1048576K
}
Event: 9.235 GC heap before
{Heap before GC invocations=25 (full 2):
 PSYoungGen      total 22016K, used 21984K [0x00000000d5580000, 0x00000000d7100000, 0x0000000100000000)
  eden space 21504K, 100% used [0x00000000d5580000,0x00000000d6a80000,0x00000000d6a80000)
  from space 512K, 93% used [0x00000000d6d80000,0x00000000d6df8010,0x00000000d6e00000)
  to   space 3072K, 0% used [0x00000000d6a80000,0x00000000d6a80000,0x00000000d6d80000)
 ParOldGen       total 68608K, used 31243K [0x0000000080000000, 0x0000000084300000, 0x00000000d5580000)
  object space 68608K, 45% used [0x0000000080000000,0x0000000081e82dd8,0x0000000084300000)
 Metaspace       used 55000K, committed 56256K, reserved 1114112K
  class space    used 6068K, committed 6592K, reserved 1048576K
}
Event: 9.236 GC heap after
{Heap after GC invocations=25 (full 2):
 PSYoungGen      total 23552K, used 1978K [0x00000000d5580000, 0x00000000d6f80000, 0x0000000100000000)
  eden space 21504K, 0% used [0x00000000d5580000,0x00000000d5580000,0x00000000d6a80000)
  from space 2048K, 96% used [0x00000000d6a80000,0x00000000d6c6e918,0x00000000d6c80000)
  to   space 2560K, 0% used [0x00000000d6d00000,0x00000000d6d00000,0x00000000d6f80000)
 ParOldGen       total 68608K, used 31711K [0x0000000080000000, 0x0000000084300000, 0x00000000d5580000)
  object space 68608K, 46% used [0x0000000080000000,0x0000000081ef7df8,0x0000000084300000)
 Metaspace       used 55000K, committed 56256K, reserved 1114112K
  class space    used 6068K, committed 6592K, reserved 1048576K
}
Event: 10.411 GC heap before
{Heap before GC invocations=26 (full 2):
 PSYoungGen      total 23552K, used 23482K [0x00000000d5580000, 0x00000000d6f80000, 0x0000000100000000)
  eden space 21504K, 100% used [0x00000000d5580000,0x00000000d6a80000,0x00000000d6a80000)
  from space 2048K, 96% used [0x00000000d6a80000,0x00000000d6c6e918,0x00000000d6c80000)
  to   space 2560K, 0% used [0x00000000d6d00000,0x00000000d6d00000,0x00000000d6f80000)
 ParOldGen       total 68608K, used 31711K [0x0000000080000000, 0x0000000084300000, 0x00000000d5580000)
  object space 68608K, 46% used [0x0000000080000000,0x0000000081ef7df8,0x0000000084300000)
 Metaspace       used 56123K, committed 57408K, reserved 1114112K
  class space    used 6177K, committed 6720K, reserved 1048576K
}
Event: 10.412 GC heap after
{Heap after GC invocations=26 (full 2):
 PSYoungGen      total 23552K, used 1773K [0x00000000d5580000, 0x00000000d6f00000, 0x0000000100000000)
  eden space 21504K, 0% used [0x00000000d5580000,0x00000000d5580000,0x00000000d6a80000)
  from space 2048K, 86% used [0x00000000d6d00000,0x00000000d6ebb510,0x00000000d6f00000)
  to   space 2048K, 0% used [0x00000000d6a80000,0x00000000d6a80000,0x00000000d6c80000)
 ParOldGen       total 68608K, used 32656K [0x0000000080000000, 0x0000000084300000, 0x00000000d5580000)
  object space 68608K, 47% used [0x0000000080000000,0x0000000081fe4148,0x0000000084300000)
 Metaspace       used 56123K, committed 57408K, reserved 1114112K
  class space    used 6177K, committed 6720K, reserved 1048576K
}
Event: 10.647 GC heap before
{Heap before GC invocations=27 (full 2):
 PSYoungGen      total 23552K, used 23277K [0x00000000d5580000, 0x00000000d6f00000, 0x0000000100000000)
  eden space 21504K, 100% used [0x00000000d5580000,0x00000000d6a80000,0x00000000d6a80000)
  from space 2048K, 86% used [0x00000000d6d00000,0x00000000d6ebb510,0x00000000d6f00000)
  to   space 2048K, 0% used [0x00000000d6a80000,0x00000000d6a80000,0x00000000d6c80000)
 ParOldGen       total 68608K, used 32656K [0x0000000080000000, 0x0000000084300000, 0x00000000d5580000)
  object space 68608K, 47% used [0x0000000080000000,0x0000000081fe4148,0x0000000084300000)
 Metaspace       used 58006K, committed 59264K, reserved 1114112K
  class space    used 6438K, committed 6976K, reserved 1048576K
}
Event: 10.649 GC heap after
{Heap after GC invocations=27 (full 2):
 PSYoungGen      total 23040K, used 1071K [0x00000000d5580000, 0x00000000d6d80000, 0x0000000100000000)
  eden space 21504K, 0% used [0x00000000d5580000,0x00000000d5580000,0x00000000d6a80000)
  from space 1536K, 69% used [0x00000000d6a80000,0x00000000d6b8be10,0x00000000d6c00000)
  to   space 1536K, 0% used [0x00000000d6c00000,0x00000000d6c00000,0x00000000d6d80000)
 ParOldGen       total 68608K, used 34224K [0x0000000080000000, 0x0000000084300000, 0x00000000d5580000)
  object space 68608K, 49% used [0x0000000080000000,0x000000008216c010,0x0000000084300000)
 Metaspace       used 58006K, committed 59264K, reserved 1114112K
  class space    used 6438K, committed 6976K, reserved 1048576K
}
Event: 10.737 GC heap before
{Heap before GC invocations=28 (full 2):
 PSYoungGen      total 23040K, used 9688K [0x00000000d5580000, 0x00000000d6d80000, 0x0000000100000000)
  eden space 21504K, 40% used [0x00000000d5580000,0x00000000d5dea238,0x00000000d6a80000)
  from space 1536K, 69% used [0x00000000d6a80000,0x00000000d6b8be10,0x00000000d6c00000)
  to   space 1536K, 0% used [0x00000000d6c00000,0x00000000d6c00000,0x00000000d6d80000)
 ParOldGen       total 68608K, used 34224K [0x0000000080000000, 0x0000000084300000, 0x00000000d5580000)
  object space 68608K, 49% used [0x0000000080000000,0x000000008216c010,0x0000000084300000)
 Metaspace       used 58514K, committed 59776K, reserved 1114112K
  class space    used 6479K, committed 7040K, reserved 1048576K
}
Event: 10.737 GC heap after
{Heap after GC invocations=28 (full 2):
 PSYoungGen      total 22528K, used 552K [0x00000000d5580000, 0x00000000d6d00000, 0x0000000100000000)
  eden space 21504K, 0% used [0x00000000d5580000,0x00000000d5580000,0x00000000d6a80000)
  from space 1024K, 53% used [0x00000000d6c00000,0x00000000d6c8a010,0x00000000d6d00000)
  to   space 1024K, 0% used [0x00000000d6b00000,0x00000000d6b00000,0x00000000d6c00000)
 ParOldGen       total 68608K, used 35010K [0x0000000080000000, 0x0000000084300000, 0x00000000d5580000)
  object space 68608K, 51% used [0x0000000080000000,0x0000000082230aa0,0x0000000084300000)
 Metaspace       used 58514K, committed 59776K, reserved 1114112K
  class space    used 6479K, committed 7040K, reserved 1048576K
}
Event: 10.737 GC heap before
{Heap before GC invocations=29 (full 3):
 PSYoungGen      total 22528K, used 552K [0x00000000d5580000, 0x00000000d6d00000, 0x0000000100000000)
  eden space 21504K, 0% used [0x00000000d5580000,0x00000000d5580000,0x00000000d6a80000)
  from space 1024K, 53% used [0x00000000d6c00000,0x00000000d6c8a010,0x00000000d6d00000)
  to   space 1024K, 0% used [0x00000000d6b00000,0x00000000d6b00000,0x00000000d6c00000)
 ParOldGen       total 68608K, used 35010K [0x0000000080000000, 0x0000000084300000, 0x00000000d5580000)
  object space 68608K, 51% used [0x0000000080000000,0x0000000082230aa0,0x0000000084300000)
 Metaspace       used 58514K, committed 59776K, reserved 1114112K
  class space    used 6479K, committed 7040K, reserved 1048576K
}
Event: 10.779 GC heap after
{Heap after GC invocations=29 (full 3):
 PSYoungGen      total 22528K, used 0K [0x00000000d5580000, 0x00000000d6d00000, 0x0000000100000000)
  eden space 21504K, 0% used [0x00000000d5580000,0x00000000d5580000,0x00000000d6a80000)
  from space 1024K, 0% used [0x00000000d6c00000,0x00000000d6c00000,0x00000000d6d00000)
  to   space 1024K, 0% used [0x00000000d6b00000,0x00000000d6b00000,0x00000000d6c00000)
 ParOldGen       total 68608K, used 29755K [0x0000000080000000, 0x0000000084300000, 0x00000000d5580000)
  object space 68608K, 43% used [0x0000000080000000,0x0000000081d0ee38,0x0000000084300000)
 Metaspace       used 58507K, committed 59776K, reserved 1114112K
  class space    used 6477K, committed 7040K, reserved 1048576K
}
Event: 10.893 GC heap before
{Heap before GC invocations=30 (full 3):
 PSYoungGen      total 22528K, used 21504K [0x00000000d5580000, 0x00000000d6d00000, 0x0000000100000000)
  eden space 21504K, 100% used [0x00000000d5580000,0x00000000d6a80000,0x00000000d6a80000)
  from space 1024K, 0% used [0x00000000d6c00000,0x00000000d6c00000,0x00000000d6d00000)
  to   space 1024K, 0% used [0x00000000d6b00000,0x00000000d6b00000,0x00000000d6c00000)
 ParOldGen       total 68608K, used 29755K [0x0000000080000000, 0x0000000084300000, 0x00000000d5580000)
  object space 68608K, 43% used [0x0000000080000000,0x0000000081d0ee38,0x0000000084300000)
 Metaspace       used 59897K, committed 61184K, reserved 1114112K
  class space    used 6611K, committed 7168K, reserved 1048576K
}
Event: 10.894 GC heap after
{Heap after GC invocations=30 (full 3):
 PSYoungGen      total 22528K, used 997K [0x00000000d5580000, 0x00000000d6f80000, 0x0000000100000000)
  eden space 21504K, 0% used [0x00000000d5580000,0x00000000d5580000,0x00000000d6a80000)
  from space 1024K, 97% used [0x00000000d6b00000,0x00000000d6bf9490,0x00000000d6c00000)
  to   space 2560K, 0% used [0x00000000d6d00000,0x00000000d6d00000,0x00000000d6f80000)
 ParOldGen       total 68608K, used 30592K [0x0000000080000000, 0x0000000084300000, 0x00000000d5580000)
  object space 68608K, 44% used [0x0000000080000000,0x0000000081de0170,0x0000000084300000)
 Metaspace       used 59897K, committed 61184K, reserved 1114112K
  class space    used 6611K, committed 7168K, reserved 1048576K
}
Event: 10.923 GC heap before
{Heap before GC invocations=31 (full 3):
 PSYoungGen      total 22528K, used 22501K [0x00000000d5580000, 0x00000000d6f80000, 0x0000000100000000)
  eden space 21504K, 100% used [0x00000000d5580000,0x00000000d6a80000,0x00000000d6a80000)
  from space 1024K, 97% used [0x00000000d6b00000,0x00000000d6bf9490,0x00000000d6c00000)
  to   space 2560K, 0% used [0x00000000d6d00000,0x00000000d6d00000,0x00000000d6f80000)
 ParOldGen       total 68608K, used 30592K [0x0000000080000000, 0x0000000084300000, 0x00000000d5580000)
  object space 68608K, 44% used [0x0000000080000000,0x0000000081de0170,0x0000000084300000)
 Metaspace       used 60045K, committed 61376K, reserved 1114112K
  class space    used 6619K, committed 7168K, reserved 1048576K
}
Event: 10.925 GC heap after
{Heap after GC invocations=31 (full 3):
 PSYoungGen      total 23040K, used 1459K [0x00000000d5580000, 0x00000000d6e80000, 0x0000000100000000)
  eden space 21504K, 0% used [0x00000000d5580000,0x00000000d5580000,0x00000000d6a80000)
  from space 1536K, 95% used [0x00000000d6d00000,0x00000000d6e6cd70,0x00000000d6e80000)
  to   space 2048K, 0% used [0x00000000d6a80000,0x00000000d6a80000,0x00000000d6c80000)
 ParOldGen       total 68608K, used 31365K [0x0000000080000000, 0x0000000084300000, 0x00000000d5580000)
  object space 68608K, 45% used [0x0000000080000000,0x0000000081ea17c0,0x0000000084300000)
 Metaspace       used 60045K, committed 61376K, reserved 1114112K
  class space    used 6619K, committed 7168K, reserved 1048576K
}
Event: 10.946 GC heap before
{Heap before GC invocations=32 (full 3):
 PSYoungGen      total 23040K, used 22963K [0x00000000d5580000, 0x00000000d6e80000, 0x0000000100000000)
  eden space 21504K, 100% used [0x00000000d5580000,0x00000000d6a80000,0x00000000d6a80000)
  from space 1536K, 95% used [0x00000000d6d00000,0x00000000d6e6cd70,0x00000000d6e80000)
  to   space 2048K, 0% used [0x00000000d6a80000,0x00000000d6a80000,0x00000000d6c80000)
 ParOldGen       total 68608K, used 31365K [0x0000000080000000, 0x0000000084300000, 0x00000000d5580000)
  object space 68608K, 45% used [0x0000000080000000,0x0000000081ea17c0,0x0000000084300000)
 Metaspace       used 60417K, committed 61696K, reserved 1114112K
  class space    used 6642K, committed 7168K, reserved 1048576K
}
Event: 10.947 GC heap after
{Heap after GC invocations=32 (full 3):
 PSYoungGen      total 23040K, used 1120K [0x00000000d5580000, 0x00000000d6d80000, 0x0000000100000000)
  eden space 21504K, 0% used [0x00000000d5580000,0x00000000d5580000,0x00000000d6a80000)
  from space 1536K, 72% used [0x00000000d6a80000,0x00000000d6b98030,0x00000000d6c00000)
  to   space 1536K, 0% used [0x00000000d6c00000,0x00000000d6c00000,0x00000000d6d80000)
 ParOldGen       total 68608K, used 32215K [0x0000000080000000, 0x0000000084300000, 0x00000000d5580000)
  object space 68608K, 46% used [0x0000000080000000,0x0000000081f75e68,0x0000000084300000)
 Metaspace       used 60417K, committed 61696K, reserved 1114112K
  class space    used 6642K, committed 7168K, reserved 1048576K
}
Event: 10.994 GC heap before
{Heap before GC invocations=33 (full 3):
 PSYoungGen      total 23040K, used 22624K [0x00000000d5580000, 0x00000000d6d80000, 0x0000000100000000)
  eden space 21504K, 100% used [0x00000000d5580000,0x00000000d6a80000,0x00000000d6a80000)
  from space 1536K, 72% used [0x00000000d6a80000,0x00000000d6b98030,0x00000000d6c00000)
  to   space 1536K, 0% used [0x00000000d6c00000,0x00000000d6c00000,0x00000000d6d80000)
 ParOldGen       total 68608K, used 32215K [0x0000000080000000, 0x0000000084300000, 0x00000000d5580000)
  object space 68608K, 46% used [0x0000000080000000,0x0000000081f75e68,0x0000000084300000)
 Metaspace       used 61671K, committed 62976K, reserved 1114112K
  class space    used 6755K, committed 7296K, reserved 1048576K
}
Event: 10.996 GC heap after
{Heap after GC invocations=33 (full 3):
 PSYoungGen      total 20992K, used 1504K [0x00000000d5580000, 0x00000000d7180000, 0x0000000100000000)
  eden space 19456K, 0% used [0x00000000d5580000,0x00000000d5580000,0x00000000d6880000)
  from space 1536K, 97% used [0x00000000d6c00000,0x00000000d6d78010,0x00000000d6d80000)
  to   space 3584K, 0% used [0x00000000d6880000,0x00000000d6880000,0x00000000d6c00000)
 ParOldGen       total 68608K, used 33696K [0x0000000080000000, 0x0000000084300000, 0x00000000d5580000)
  object space 68608K, 49% used [0x0000000080000000,0x00000000820e8288,0x0000000084300000)
 Metaspace       used 61671K, committed 62976K, reserved 1114112K
  class space    used 6755K, committed 7296K, reserved 1048576K
}

