# JRE version: OpenJDK Runtime Environment Temurin-21.0.9+10 (21.0.9+10) (build 21.0.9+10-LTS)
# Java VM: OpenJDK 64-Bit Server VM Temurin-21.0.9+10 (21.0.9+10-LTS, mixed mode, sharing, tiered, compressed oops, compressed class ptrs, parallel gc, windows-amd64)
GC Precious Log:
 CardTable entry size: 512
 CPUs: 16 total, 16 available
 Memory: 16082M
 Large Page Support: Disabled
 NUMA Support: Disabled
 Compressed Oops: Enabled (32-bit)
 Alignments: Space 512K, Generation 512K, Heap 2M
 Heap Min Capacity: 100M
 Heap Initial Capacity: 100M
 Heap Max Capacity: 2G
 Pre-touch: Disabled
 Parallel Workers: 13
Heap:
 PSYoungGen      total 19968K, used 2285K [0x00000000d5580000, 0x00000000d6b00000, 0x0000000100000000)
  eden space 18944K, 6% used [0x00000000d5580000,0x00000000d56bcfe0,0x00000000d6800000)
  from space 1024K, 99% used [0x00000000d6880000,0x00000000d697e5a8,0x00000000d6980000)
  to   space 1536K, 0% used [0x00000000d6980000,0x00000000d6980000,0x00000000d6b00000)
 ParOldGen       total 68608K, used 55186K [0x0000000080000000, 0x0000000084300000, 0x00000000d5580000)
  object space 68608K, 80% used [0x0000000080000000,0x00000000835e4888,0x0000000084300000)
 Metaspace       used 62895K, committed 64384K, reserved 1114112K
  class space    used 6674K, committed 7360K, reserved 1048576K
GC Heap History (20 events):
Event: 39.701 GC heap before
{Heap before GC invocations=55 (full 2):
 PSYoungGen      total 21504K, used 21472K [0x00000000d5580000, 0x00000000d6b80000, 0x0000000100000000)
  eden space 20992K, 100% used [0x00000000d5580000,0x00000000d6a00000,0x00000000d6a00000)
  from space 512K, 93% used [0x00000000d6b00000,0x00000000d6b78000,0x00000000d6b80000)
  to   space 512K, 0% used [0x00000000d6a80000,0x00000000d6a80000,0x00000000d6b00000)
 ParOldGen       total 68608K, used 63276K [0x0000000080000000, 0x0000000084300000, 0x00000000d5580000)
  object space 68608K, 92% used [0x0000000080000000,0x0000000083dcb150,0x0000000084300000)
 Metaspace       used 58212K, committed 59648K, reserved 1114112K
  class space    used 6228K, committed 6848K, reserved 1048576K
}
Event: 39.702 GC heap after
{Heap after GC invocations=55 (full 2):
 PSYoungGen      total 21504K, used 512K [0x00000000d5580000, 0x00000000d6c00000, 0x0000000100000000)
  eden space 20992K, 0% used [0x00000000d5580000,0x00000000d5580000,0x00000000d6a00000)
  from space 512K, 100% used [0x00000000d6a80000,0x00000000d6b00000,0x00000000d6b00000)
  to   space 1024K, 0% used [0x00000000d6b00000,0x00000000d6b00000,0x00000000d6c00000)
 ParOldGen       total 68608K, used 63588K [0x0000000080000000, 0x0000000084300000, 0x00000000d5580000)
  object space 68608K, 92% used [0x0000000080000000,0x0000000083e19150,0x0000000084300000)
 Metaspace       used 58212K, committed 59648K, reserved 1114112K
  class space    used 6228K, committed 6848K, reserved 1048576K
}
Event: 39.765 GC heap before
{Heap before GC invocations=56 (full 2):
 PSYoungGen      total 21504K, used 21504K [0x00000000d5580000, 0x00000000d6c00000, 0x0000000100000000)
  eden space 20992K, 100% used [0x00000000d5580000,0x00000000d6a00000,0x00000000d6a00000)
  from space 512K, 100% used [0x00000000d6a80000,0x00000000d6b00000,0x00000000d6b00000)
  to   space 1024K, 0% used [0x00000000d6b00000,0x00000000d6b00000,0x00000000d6c00000)
 ParOldGen       total 68608K, used 63588K [0x0000000080000000, 0x0000000084300000, 0x00000000d5580000)
  object space 68608K, 92% used [0x0000000080000000,0x0000000083e19150,0x0000000084300000)
 Metaspace       used 58282K, committed 59712K, reserved 1114112K
  class space    used 6230K, committed 6848K, reserved 1048576K
}
Event: 39.766 GC heap after
{Heap after GC invocations=56 (full 2):
 PSYoungGen      total 22016K, used 755K [0x00000000d5580000, 0x00000000d6c00000, 0x0000000100000000)
  eden space 20992K, 0% used [0x00000000d5580000,0x00000000d5580000,0x00000000d6a00000)
  from space 1024K, 73% used [0x00000000d6b00000,0x00000000d6bbcc20,0x00000000d6c00000)
  to   space 1024K, 0% used [0x00000000d6a00000,0x00000000d6a00000,0x00000000d6b00000)
 ParOldGen       total 68608K, used 63933K [0x0000000080000000, 0x0000000084300000, 0x00000000d5580000)
  object space 68608K, 93% used [0x0000000080000000,0x0000000083e6f440,0x0000000084300000)
 Metaspace       used 58282K, committed 59712K, reserved 1114112K
  class space    used 6230K, committed 6848K, reserved 1048576K
}
Event: 40.931 GC heap before
{Heap before GC invocations=57 (full 2):
 PSYoungGen      total 22016K, used 21747K [0x00000000d5580000, 0x00000000d6c00000, 0x0000000100000000)
  eden space 20992K, 100% used [0x00000000d5580000,0x00000000d6a00000,0x00000000d6a00000)
  from space 1024K, 73% used [0x00000000d6b00000,0x00000000d6bbcc20,0x00000000d6c00000)
  to   space 1024K, 0% used [0x00000000d6a00000,0x00000000d6a00000,0x00000000d6b00000)
 ParOldGen       total 68608K, used 63933K [0x0000000080000000, 0x0000000084300000, 0x00000000d5580000)
  object space 68608K, 93% used [0x0000000080000000,0x0000000083e6f440,0x0000000084300000)
 Metaspace       used 58282K, committed 59712K, reserved 1114112K
  class space    used 6230K, committed 6848K, reserved 1048576K
}
Event: 40.932 GC heap after
{Heap after GC invocations=57 (full 2):
 PSYoungGen      total 22016K, used 679K [0x00000000d5580000, 0x00000000d6c00000, 0x0000000100000000)
  eden space 20992K, 0% used [0x00000000d5580000,0x00000000d5580000,0x00000000d6a00000)
  from space 1024K, 66% used [0x00000000d6a00000,0x00000000d6aa9f48,0x00000000d6b00000)
  to   space 1024K, 0% used [0x00000000d6b00000,0x00000000d6b00000,0x00000000d6c00000)
 ParOldGen       total 68608K, used 64481K [0x0000000080000000, 0x0000000084300000, 0x00000000d5580000)
  object space 68608K, 93% used [0x0000000080000000,0x0000000083ef8570,0x0000000084300000)
 Metaspace       used 58282K, committed 59712K, reserved 1114112K
  class space    used 6230K, committed 6848K, reserved 1048576K
}
Event: 41.725 GC heap before
{Heap before GC invocations=58 (full 2):
 PSYoungGen      total 22016K, used 21671K [0x00000000d5580000, 0x00000000d6c00000, 0x0000000100000000)
  eden space 20992K, 100% used [0x00000000d5580000,0x00000000d6a00000,0x00000000d6a00000)
  from space 1024K, 66% used [0x00000000d6a00000,0x00000000d6aa9f48,0x00000000d6b00000)
  to   space 1024K, 0% used [0x00000000d6b00000,0x00000000d6b00000,0x00000000d6c00000)
 ParOldGen       total 68608K, used 64481K [0x0000000080000000, 0x0000000084300000, 0x00000000d5580000)
  object space 68608K, 93% used [0x0000000080000000,0x0000000083ef8570,0x0000000084300000)
 Metaspace       used 58289K, committed 59712K, reserved 1114112K
  class space    used 6230K, committed 6848K, reserved 1048576K
}
Event: 41.726 GC heap after
{Heap after GC invocations=58 (full 2):
 PSYoungGen      total 22016K, used 622K [0x00000000d5580000, 0x00000000d6c00000, 0x0000000100000000)
  eden space 20992K, 0% used [0x00000000d5580000,0x00000000d5580000,0x00000000d6a00000)
  from space 1024K, 60% used [0x00000000d6b00000,0x00000000d6b9bb68,0x00000000d6c00000)
  to   space 1024K, 0% used [0x00000000d6a00000,0x00000000d6a00000,0x00000000d6b00000)
 ParOldGen       total 68608K, used 64889K [0x0000000080000000, 0x0000000084300000, 0x00000000d5580000)
  object space 68608K, 94% used [0x0000000080000000,0x0000000083f5e5a0,0x0000000084300000)
 Metaspace       used 58289K, committed 59712K, reserved 1114112K
  class space    used 6230K, committed 6848K, reserved 1048576K
}
Event: 41.949 GC heap before
{Heap before GC invocations=59 (full 2):
 PSYoungGen      total 22016K, used 6592K [0x00000000d5580000, 0x00000000d6c00000, 0x0000000100000000)
  eden space 20992K, 28% used [0x00000000d5580000,0x00000000d5b54778,0x00000000d6a00000)
  from space 1024K, 60% used [0x00000000d6b00000,0x00000000d6b9bb68,0x00000000d6c00000)
  to   space 1024K, 0% used [0x00000000d6a00000,0x00000000d6a00000,0x00000000d6b00000)
 ParOldGen       total 68608K, used 64889K [0x0000000080000000, 0x0000000084300000, 0x00000000d5580000)
  object space 68608K, 94% used [0x0000000080000000,0x0000000083f5e5a0,0x0000000084300000)
 Metaspace       used 58365K, committed 59776K, reserved 1114112K
  class space    used 6233K, committed 6848K, reserved 1048576K
}
Event: 41.949 GC heap after
{Heap after GC invocations=59 (full 2):
 PSYoungGen      total 22016K, used 384K [0x00000000d5580000, 0x00000000d6b80000, 0x0000000100000000)
  eden space 20992K, 0% used [0x00000000d5580000,0x00000000d5580000,0x00000000d6a00000)
  from space 1024K, 37% used [0x00000000d6a00000,0x00000000d6a60000,0x00000000d6b00000)
  to   space 512K, 0% used [0x00000000d6b00000,0x00000000d6b00000,0x00000000d6b80000)
 ParOldGen       total 68608K, used 65264K [0x0000000080000000, 0x0000000084300000, 0x00000000d5580000)
  object space 68608K, 95% used [0x0000000080000000,0x0000000083fbc150,0x0000000084300000)
 Metaspace       used 58365K, committed 59776K, reserved 1114112K
  class space    used 6233K, committed 6848K, reserved 1048576K
}
Event: 41.949 GC heap before
{Heap before GC invocations=60 (full 3):
 PSYoungGen      total 22016K, used 384K [0x00000000d5580000, 0x00000000d6b80000, 0x0000000100000000)
  eden space 20992K, 0% used [0x00000000d5580000,0x00000000d5580000,0x00000000d6a00000)
  from space 1024K, 37% used [0x00000000d6a00000,0x00000000d6a60000,0x00000000d6b00000)
  to   space 512K, 0% used [0x00000000d6b00000,0x00000000d6b00000,0x00000000d6b80000)
 ParOldGen       total 68608K, used 65264K [0x0000000080000000, 0x0000000084300000, 0x00000000d5580000)
  object space 68608K, 95% used [0x0000000080000000,0x0000000083fbc150,0x0000000084300000)
 Metaspace       used 58365K, committed 59776K, reserved 1114112K
  class space    used 6233K, committed 6848K, reserved 1048576K
}
Event: 42.007 GC heap after
{Heap after GC invocations=60 (full 3):
 PSYoungGen      total 22016K, used 0K [0x00000000d5580000, 0x00000000d6b80000, 0x0000000100000000)
  eden space 20992K, 0% used [0x00000000d5580000,0x00000000d5580000,0x00000000d6a00000)
  from space 1024K, 0% used [0x00000000d6a00000,0x00000000d6a00000,0x00000000d6b00000)
  to   space 512K, 0% used [0x00000000d6b00000,0x00000000d6b00000,0x00000000d6b80000)
 ParOldGen       total 68608K, used 52102K [0x0000000080000000, 0x0000000084300000, 0x00000000d5580000)
  object space 68608K, 75% used [0x0000000080000000,0x00000000832e1b18,0x0000000084300000)
 Metaspace       used 58359K, committed 59776K, reserved 1114112K
  class space    used 6231K, committed 6848K, reserved 1048576K
}
Event: 42.163 GC heap before
{Heap before GC invocations=61 (full 3):
 PSYoungGen      total 22016K, used 20992K [0x00000000d5580000, 0x00000000d6b80000, 0x0000000100000000)
  eden space 20992K, 100% used [0x00000000d5580000,0x00000000d6a00000,0x00000000d6a00000)
  from space 1024K, 0% used [0x00000000d6a00000,0x00000000d6a00000,0x00000000d6b00000)
  to   space 512K, 0% used [0x00000000d6b00000,0x00000000d6b00000,0x00000000d6b80000)
 ParOldGen       total 68608K, used 52102K [0x0000000080000000, 0x0000000084300000, 0x00000000d5580000)
  object space 68608K, 75% used [0x0000000080000000,0x00000000832e1b18,0x0000000084300000)
 Metaspace       used 59645K, committed 61056K, reserved 1114112K
  class space    used 6380K, committed 6976K, reserved 1048576K
}
Event: 42.164 GC heap after
{Heap after GC invocations=61 (full 3):
 PSYoungGen      total 19456K, used 485K [0x00000000d5580000, 0x00000000d7000000, 0x0000000100000000)
  eden space 18944K, 0% used [0x00000000d5580000,0x00000000d5580000,0x00000000d6800000)
  from space 512K, 94% used [0x00000000d6b00000,0x00000000d6b797b0,0x00000000d6b80000)
  to   space 3072K, 0% used [0x00000000d6800000,0x00000000d6800000,0x00000000d6b00000)
 ParOldGen       total 68608K, used 54072K [0x0000000080000000, 0x0000000084300000, 0x00000000d5580000)
  object space 68608K, 78% used [0x0000000080000000,0x00000000834ce130,0x0000000084300000)
 Metaspace       used 59645K, committed 61056K, reserved 1114112K
  class space    used 6380K, committed 6976K, reserved 1048576K
}
Event: 42.221 GC heap before
{Heap before GC invocations=62 (full 3):
 PSYoungGen      total 19456K, used 19429K [0x00000000d5580000, 0x00000000d7000000, 0x0000000100000000)
  eden space 18944K, 100% used [0x00000000d5580000,0x00000000d6800000,0x00000000d6800000)
  from space 512K, 94% used [0x00000000d6b00000,0x00000000d6b797b0,0x00000000d6b80000)
  to   space 3072K, 0% used [0x00000000d6800000,0x00000000d6800000,0x00000000d6b00000)
 ParOldGen       total 68608K, used 54072K [0x0000000080000000, 0x0000000084300000, 0x00000000d5580000)
  object space 68608K, 78% used [0x0000000080000000,0x00000000834ce130,0x0000000084300000)
 Metaspace       used 60004K, committed 61376K, reserved 1114112K
  class space    used 6384K, committed 6976K, reserved 1048576K
}
Event: 42.223 GC heap after
{Heap after GC invocations=62 (full 3):
 PSYoungGen      total 19968K, used 979K [0x00000000d5580000, 0x00000000d6b80000, 0x0000000100000000)
  eden space 18944K, 0% used [0x00000000d5580000,0x00000000d5580000,0x00000000d6800000)
  from space 1024K, 95% used [0x00000000d6800000,0x00000000d68f4d60,0x00000000d6900000)
  to   space 1536K, 0% used [0x00000000d6a00000,0x00000000d6a00000,0x00000000d6b80000)
 ParOldGen       total 68608K, used 54427K [0x0000000080000000, 0x0000000084300000, 0x00000000d5580000)
  object space 68608K, 79% used [0x0000000080000000,0x0000000083526fe0,0x0000000084300000)
 Metaspace       used 60004K, committed 61376K, reserved 1114112K
  class space    used 6384K, committed 6976K, reserved 1048576K
}
Event: 42.300 GC heap before
{Heap before GC invocations=63 (full 3):
 PSYoungGen      total 19968K, used 19923K [0x00000000d5580000, 0x00000000d6b80000, 0x0000000100000000)
  eden space 18944K, 100% used [0x00000000d5580000,0x00000000d6800000,0x00000000d6800000)
  from space 1024K, 95% used [0x00000000d6800000,0x00000000d68f4d60,0x00000000d6900000)
  to   space 1536K, 0% used [0x00000000d6a00000,0x00000000d6a00000,0x00000000d6b80000)
 ParOldGen       total 68608K, used 54427K [0x0000000080000000, 0x0000000084300000, 0x00000000d5580000)
  object space 68608K, 79% used [0x0000000080000000,0x0000000083526fe0,0x0000000084300000)
 Metaspace       used 60732K, committed 62144K, reserved 1114112K
  class space    used 6453K, committed 7040K, reserved 1048576K
}
Event: 42.301 GC heap after
{Heap after GC invocations=63 (full 3):
 PSYoungGen      total 19456K, used 352K [0x00000000d5580000, 0x00000000d6a80000, 0x0000000100000000)
  eden space 18944K, 0% used [0x00000000d5580000,0x00000000d5580000,0x00000000d6800000)
  from space 512K, 68% used [0x00000000d6a00000,0x00000000d6a58000,0x00000000d6a80000)
  to   space 1024K, 0% used [0x00000000d6880000,0x00000000d6880000,0x00000000d6980000)
 ParOldGen       total 68608K, used 54917K [0x0000000080000000, 0x0000000084300000, 0x00000000d5580000)
  object space 68608K, 80% used [0x0000000080000000,0x00000000835a1678,0x0000000084300000)
 Metaspace       used 60732K, committed 62144K, reserved 1114112K
  class space    used 6453K, committed 7040K, reserved 1048576K
}
Event: 17512.863 GC heap before
{Heap before GC invocations=64 (full 3):
 PSYoungGen      total 19456K, used 19296K [0x00000000d5580000, 0x00000000d6a80000, 0x0000000100000000)
  eden space 18944K, 100% used [0x00000000d5580000,0x00000000d6800000,0x00000000d6800000)
  from space 512K, 68% used [0x00000000d6a00000,0x00000000d6a58000,0x00000000d6a80000)
  to   space 1024K, 0% used [0x00000000d6880000,0x00000000d6880000,0x00000000d6980000)
 ParOldGen       total 68608K, used 54917K [0x0000000080000000, 0x0000000084300000, 0x00000000d5580000)
  object space 68608K, 80% used [0x0000000080000000,0x00000000835a1678,0x0000000084300000)
 Metaspace       used 62823K, committed 64320K, reserved 1114112K
  class space    used 6664K, committed 7360K, reserved 1048576K
}
Event: 17512.919 GC heap after
{Heap after GC invocations=64 (full 3):
 PSYoungGen      total 19968K, used 1017K [0x00000000d5580000, 0x00000000d6b00000, 0x0000000100000000)
  eden space 18944K, 0% used [0x00000000d5580000,0x00000000d5580000,0x00000000d6800000)
  from space 1024K, 99% used [0x00000000d6880000,0x00000000d697e5a8,0x00000000d6980000)
  to   space 1536K, 0% used [0x00000000d6980000,0x00000000d6980000,0x00000000d6b00000)
 ParOldGen       total 68608K, used 55186K [0x0000000080000000, 0x0000000084300000, 0x00000000d5580000)
  object space 68608K, 80% used [0x0000000080000000,0x00000000835e4888,0x0000000084300000)
 Metaspace       used 62823K, committed 64320K, reserved 1114112K
  class space    used 6664K, committed 7360K, reserved 1048576K
}

