# JRE version: OpenJDK Runtime Environment Temurin-21.0.9+10 (21.0.9+10) (build 21.0.9+10-LTS)
# Java VM: OpenJDK 64-Bit Server VM Temurin-21.0.9+10 (21.0.9+10-LTS, mixed mode, sharing, tiered, compressed oops, compressed class ptrs, parallel gc, windows-amd64)
GC Precious Log:
 CardTable entry size: 512
 CPUs: 16 total, 16 available
 Memory: 16082M
 Large Page Support: Disabled
 NUMA Support: Disabled
 Compressed Oops: Enabled (32-bit)
 Alignments: Space 512K, Generation 512K, Heap 2M
 Heap Min Capacity: 100M
 Heap Initial Capacity: 100M
 Heap Max Capacity: 2G
 Pre-touch: Disabled
 Parallel Workers: 13
Heap:
 PSYoungGen      total 7168K, used 5742K [0x00000000d5580000, 0x00000000d5f80000, 0x0000000100000000)
  eden space 6656K, 80% used [0x00000000d5580000,0x00000000d5ac38b0,0x00000000d5c00000)
  from space 512K, 68% used [0x00000000d5f00000,0x00000000d5f58000,0x00000000d5f80000)
  to   space 1024K, 0% used [0x00000000d5d80000,0x00000000d5d80000,0x00000000d5e80000)
 ParOldGen       total 205824K, used 205804K [0x0000000080000000, 0x000000008c900000, 0x00000000d5580000)
  object space 205824K, 99% used [0x0000000080000000,0x000000008c8fb328,0x000000008c900000)
 Metaspace       used 85190K, committed 86848K, reserved 1179648K
  class space    used 8439K, committed 9280K, reserved 1048576K
GC Heap History (20 events):
Event: 53726.935 GC heap before
{Heap before GC invocations=1840 (full 7):
 PSYoungGen      total 9216K, used 8695K [0x00000000d5580000, 0x00000000d6300000, 0x0000000100000000)
  eden space 4608K, 100% used [0x00000000d5580000,0x00000000d5a00000,0x00000000d5a00000)
  from space 4608K, 88% used [0x00000000d5e80000,0x00000000d627dce8,0x00000000d6300000)
  to   space 4608K, 0% used [0x00000000d5a00000,0x00000000d5a00000,0x00000000d5e80000)
 ParOldGen       total 186880K, used 186460K [0x0000000080000000, 0x000000008b680000, 0x00000000d5580000)
  object space 186880K, 99% used [0x0000000080000000,0x000000008b617348,0x000000008b680000)
 Metaspace       used 85021K, committed 86656K, reserved 1179648K
  class space    used 8408K, committed 9280K, reserved 1048576K
}
Event: 53726.939 GC heap after
{Heap after GC invocations=1840 (full 7):
 PSYoungGen      total 9216K, used 4582K [0x00000000d5580000, 0x00000000d6d00000, 0x0000000100000000)
  eden space 4608K, 0% used [0x00000000d5580000,0x00000000d5580000,0x00000000d5a00000)
  from space 4608K, 99% used [0x00000000d5a00000,0x00000000d5e79910,0x00000000d5e80000)
  to   space 9728K, 0% used [0x00000000d6380000,0x00000000d6380000,0x00000000d6d00000)
 ParOldGen       total 190464K, used 190403K [0x0000000080000000, 0x000000008ba00000, 0x00000000d5580000)
  object space 190464K, 99% used [0x0000000080000000,0x000000008b9f0f00,0x000000008ba00000)
 Metaspace       used 85021K, committed 86656K, reserved 1179648K
  class space    used 8408K, committed 9280K, reserved 1048576K
}
Event: 53726.946 GC heap before
{Heap before GC invocations=1841 (full 7):
 PSYoungGen      total 9216K, used 9190K [0x00000000d5580000, 0x00000000d6d00000, 0x0000000100000000)
  eden space 4608K, 100% used [0x00000000d5580000,0x00000000d5a00000,0x00000000d5a00000)
  from space 4608K, 99% used [0x00000000d5a00000,0x00000000d5e79910,0x00000000d5e80000)
  to   space 9728K, 0% used [0x00000000d6380000,0x00000000d6380000,0x00000000d6d00000)
 ParOldGen       total 190464K, used 190403K [0x0000000080000000, 0x000000008ba00000, 0x00000000d5580000)
  object space 190464K, 99% used [0x0000000080000000,0x000000008b9f0f00,0x000000008ba00000)
 Metaspace       used 85021K, committed 86656K, reserved 1179648K
  class space    used 8408K, committed 9280K, reserved 1048576K
}
Event: 53726.949 GC heap after
{Heap after GC invocations=1841 (full 7):
 PSYoungGen      total 10240K, used 4248K [0x00000000d5580000, 0x00000000d6800000, 0x0000000100000000)
  eden space 5632K, 0% used [0x00000000d5580000,0x00000000d5580000,0x00000000d5b00000)
  from space 4608K, 92% used [0x00000000d6380000,0x00000000d67a62b0,0x00000000d6800000)
  to   space 6144K, 0% used [0x00000000d5c00000,0x00000000d5c00000,0x00000000d6200000)
 ParOldGen       total 195072K, used 194972K [0x0000000080000000, 0x000000008be80000, 0x00000000d5580000)
  object space 195072K, 99% used [0x0000000080000000,0x000000008be672e8,0x000000008be80000)
 Metaspace       used 85021K, committed 86656K, reserved 1179648K
  class space    used 8408K, committed 9280K, reserved 1048576K
}
Event: 53726.960 GC heap before
{Heap before GC invocations=1842 (full 7):
 PSYoungGen      total 10240K, used 9880K [0x00000000d5580000, 0x00000000d6800000, 0x0000000100000000)
  eden space 5632K, 100% used [0x00000000d5580000,0x00000000d5b00000,0x00000000d5b00000)
  from space 4608K, 92% used [0x00000000d6380000,0x00000000d67a62b0,0x00000000d6800000)
  to   space 6144K, 0% used [0x00000000d5c00000,0x00000000d5c00000,0x00000000d6200000)
 ParOldGen       total 195072K, used 194972K [0x0000000080000000, 0x000000008be80000, 0x00000000d5580000)
  object space 195072K, 99% used [0x0000000080000000,0x000000008be672e8,0x000000008be80000)
 Metaspace       used 85021K, committed 86656K, reserved 1179648K
  class space    used 8408K, committed 9280K, reserved 1048576K
}
Event: 53726.963 GC heap after
{Heap after GC invocations=1842 (full 7):
 PSYoungGen      total 9216K, used 2272K [0x00000000d5580000, 0x00000000d6400000, 0x0000000100000000)
  eden space 6656K, 0% used [0x00000000d5580000,0x00000000d5580000,0x00000000d5c00000)
  from space 2560K, 88% used [0x00000000d5c00000,0x00000000d5e38000,0x00000000d5e80000)
  to   space 3584K, 0% used [0x00000000d6080000,0x00000000d6080000,0x00000000d6400000)
 ParOldGen       total 198656K, used 198638K [0x0000000080000000, 0x000000008c200000, 0x00000000d5580000)
  object space 198656K, 99% used [0x0000000080000000,0x000000008c1fb8b8,0x000000008c200000)
 Metaspace       used 85021K, committed 86656K, reserved 1179648K
  class space    used 8408K, committed 9280K, reserved 1048576K
}
Event: 53726.998 GC heap before
{Heap before GC invocations=1843 (full 7):
 PSYoungGen      total 9216K, used 8928K [0x00000000d5580000, 0x00000000d6400000, 0x0000000100000000)
  eden space 6656K, 100% used [0x00000000d5580000,0x00000000d5c00000,0x00000000d5c00000)
  from space 2560K, 88% used [0x00000000d5c00000,0x00000000d5e38000,0x00000000d5e80000)
  to   space 3584K, 0% used [0x00000000d6080000,0x00000000d6080000,0x00000000d6400000)
 ParOldGen       total 198656K, used 198638K [0x0000000080000000, 0x000000008c200000, 0x00000000d5580000)
  object space 198656K, 99% used [0x0000000080000000,0x000000008c1fb8b8,0x000000008c200000)
 Metaspace       used 85023K, committed 86656K, reserved 1179648K
  class space    used 8408K, committed 9280K, reserved 1048576K
}
Event: 53727.000 GC heap after
{Heap after GC invocations=1843 (full 7):
 PSYoungGen      total 10240K, used 3245K [0x00000000d5580000, 0x00000000d6400000, 0x0000000100000000)
  eden space 6656K, 0% used [0x00000000d5580000,0x00000000d5580000,0x00000000d5c00000)
  from space 3584K, 90% used [0x00000000d6080000,0x00000000d63ab4c8,0x00000000d6400000)
  to   space 3584K, 0% used [0x00000000d5d00000,0x00000000d5d00000,0x00000000d6080000)
 ParOldGen       total 201216K, used 200718K [0x0000000080000000, 0x000000008c480000, 0x00000000d5580000)
  object space 201216K, 99% used [0x0000000080000000,0x000000008c4038d8,0x000000008c480000)
 Metaspace       used 85023K, committed 86656K, reserved 1179648K
  class space    used 8408K, committed 9280K, reserved 1048576K
}
Event: 53727.025 GC heap before
{Heap before GC invocations=1844 (full 7):
 PSYoungGen      total 10240K, used 9901K [0x00000000d5580000, 0x00000000d6400000, 0x0000000100000000)
  eden space 6656K, 100% used [0x00000000d5580000,0x00000000d5c00000,0x00000000d5c00000)
  from space 3584K, 90% used [0x00000000d6080000,0x00000000d63ab4c8,0x00000000d6400000)
  to   space 3584K, 0% used [0x00000000d5d00000,0x00000000d5d00000,0x00000000d6080000)
 ParOldGen       total 201216K, used 200718K [0x0000000080000000, 0x000000008c480000, 0x00000000d5580000)
  object space 201216K, 99% used [0x0000000080000000,0x000000008c4038d8,0x000000008c480000)
 Metaspace       used 85023K, committed 86656K, reserved 1179648K
  class space    used 8408K, committed 9280K, reserved 1048576K
}
Event: 53727.026 GC heap after
{Heap after GC invocations=1844 (full 7):
 PSYoungGen      total 8192K, used 1232K [0x00000000d5580000, 0x00000000d6100000, 0x0000000100000000)
  eden space 6656K, 0% used [0x00000000d5580000,0x00000000d5580000,0x00000000d5c00000)
  from space 1536K, 80% used [0x00000000d5d00000,0x00000000d5e34010,0x00000000d5e80000)
  to   space 2048K, 0% used [0x00000000d5f00000,0x00000000d5f00000,0x00000000d6100000)
 ParOldGen       total 201728K, used 201498K [0x0000000080000000, 0x000000008c500000, 0x00000000d5580000)
  object space 201728K, 99% used [0x0000000080000000,0x000000008c4c6978,0x000000008c500000)
 Metaspace       used 85023K, committed 86656K, reserved 1179648K
  class space    used 8408K, committed 9280K, reserved 1048576K
}
Event: 53727.037 GC heap before
{Heap before GC invocations=1845 (full 7):
 PSYoungGen      total 8192K, used 7888K [0x00000000d5580000, 0x00000000d6100000, 0x0000000100000000)
  eden space 6656K, 100% used [0x00000000d5580000,0x00000000d5c00000,0x00000000d5c00000)
  from space 1536K, 80% used [0x00000000d5d00000,0x00000000d5e34010,0x00000000d5e80000)
  to   space 2048K, 0% used [0x00000000d5f00000,0x00000000d5f00000,0x00000000d6100000)
 ParOldGen       total 201728K, used 201498K [0x0000000080000000, 0x000000008c500000, 0x00000000d5580000)
  object space 201728K, 99% used [0x0000000080000000,0x000000008c4c6978,0x000000008c500000)
 Metaspace       used 85023K, committed 86656K, reserved 1179648K
  class space    used 8408K, committed 9280K, reserved 1048576K
}
Event: 53727.039 GC heap after
{Heap after GC invocations=1845 (full 7):
 PSYoungGen      total 8192K, used 1178K [0x00000000d5580000, 0x00000000d6080000, 0x0000000100000000)
  eden space 6656K, 0% used [0x00000000d5580000,0x00000000d5580000,0x00000000d5c00000)
  from space 1536K, 76% used [0x00000000d5f00000,0x00000000d6026900,0x00000000d6080000)
  to   space 1536K, 0% used [0x00000000d5d00000,0x00000000d5d00000,0x00000000d5e80000)
 ParOldGen       total 202752K, used 202499K [0x0000000080000000, 0x000000008c600000, 0x00000000d5580000)
  object space 202752K, 99% used [0x0000000080000000,0x000000008c5c0e60,0x000000008c600000)
 Metaspace       used 85023K, committed 86656K, reserved 1179648K
  class space    used 8408K, committed 9280K, reserved 1048576K
}
Event: 53727.553 GC heap before
{Heap before GC invocations=1846 (full 7):
 PSYoungGen      total 8192K, used 7834K [0x00000000d5580000, 0x00000000d6080000, 0x0000000100000000)
  eden space 6656K, 100% used [0x00000000d5580000,0x00000000d5c00000,0x00000000d5c00000)
  from space 1536K, 76% used [0x00000000d5f00000,0x00000000d6026900,0x00000000d6080000)
  to   space 1536K, 0% used [0x00000000d5d00000,0x00000000d5d00000,0x00000000d5e80000)
 ParOldGen       total 202752K, used 202499K [0x0000000080000000, 0x000000008c600000, 0x00000000d5580000)
  object space 202752K, 99% used [0x0000000080000000,0x000000008c5c0e60,0x000000008c600000)
 Metaspace       used 85028K, committed 86656K, reserved 1179648K
  class space    used 8408K, committed 9280K, reserved 1048576K
}
Event: 53727.556 GC heap after
{Heap after GC invocations=1846 (full 7):
 PSYoungGen      total 8192K, used 1513K [0x00000000d5580000, 0x00000000d6300000, 0x0000000100000000)
  eden space 6656K, 0% used [0x00000000d5580000,0x00000000d5580000,0x00000000d5c00000)
  from space 1536K, 98% used [0x00000000d5d00000,0x00000000d5e7a758,0x00000000d5e80000)
  to   space 3584K, 0% used [0x00000000d5f80000,0x00000000d5f80000,0x00000000d6300000)
 ParOldGen       total 204288K, used 203906K [0x0000000080000000, 0x000000008c780000, 0x00000000d5580000)
  object space 204288K, 99% used [0x0000000080000000,0x000000008c720900,0x000000008c780000)
 Metaspace       used 85028K, committed 86656K, reserved 1179648K
  class space    used 8408K, committed 9280K, reserved 1048576K
}
Event: 53953.365 GC heap before
{Heap before GC invocations=1847 (full 7):
 PSYoungGen      total 8192K, used 8169K [0x00000000d5580000, 0x00000000d6300000, 0x0000000100000000)
  eden space 6656K, 99% used [0x00000000d5580000,0x00000000d5bfff88,0x00000000d5c00000)
  from space 1536K, 98% used [0x00000000d5d00000,0x00000000d5e7a758,0x00000000d5e80000)
  to   space 3584K, 0% used [0x00000000d5f80000,0x00000000d5f80000,0x00000000d6300000)
 ParOldGen       total 204288K, used 203906K [0x0000000080000000, 0x000000008c780000, 0x00000000d5580000)
  object space 204288K, 99% used [0x0000000080000000,0x000000008c720900,0x000000008c780000)
 Metaspace       used 85052K, committed 86720K, reserved 1179648K
  class space    used 8408K, committed 9280K, reserved 1048576K
}
Event: 53953.367 GC heap after
{Heap after GC invocations=1847 (full 7):
 PSYoungGen      total 8192K, used 1335K [0x00000000d5580000, 0x00000000d6100000, 0x0000000100000000)
  eden space 6656K, 0% used [0x00000000d5580000,0x00000000d5580000,0x00000000d5c00000)
  from space 1536K, 86% used [0x00000000d5f80000,0x00000000d60cdf48,0x00000000d6100000)
  to   space 2048K, 0% used [0x00000000d5d00000,0x00000000d5d00000,0x00000000d5f00000)
 ParOldGen       total 204800K, used 204497K [0x0000000080000000, 0x000000008c800000, 0x00000000d5580000)
  object space 204800K, 99% used [0x0000000080000000,0x000000008c7b4550,0x000000008c800000)
 Metaspace       used 85052K, committed 86720K, reserved 1179648K
  class space    used 8408K, committed 9280K, reserved 1048576K
}
Event: 59922.710 GC heap before
{Heap before GC invocations=1848 (full 7):
 PSYoungGen      total 8192K, used 7853K [0x00000000d5580000, 0x00000000d6100000, 0x0000000100000000)
  eden space 6656K, 97% used [0x00000000d5580000,0x00000000d5bdd610,0x00000000d5c00000)
  from space 1536K, 86% used [0x00000000d5f80000,0x00000000d60cdf48,0x00000000d6100000)
  to   space 2048K, 0% used [0x00000000d5d00000,0x00000000d5d00000,0x00000000d5f00000)
 ParOldGen       total 204800K, used 204497K [0x0000000080000000, 0x000000008c800000, 0x00000000d5580000)
  object space 204800K, 99% used [0x0000000080000000,0x000000008c7b4550,0x000000008c800000)
 Metaspace       used 85104K, committed 86720K, reserved 1179648K
  class space    used 8417K, committed 9280K, reserved 1048576K
}
Event: 59922.751 GC heap after
{Heap after GC invocations=1848 (full 7):
 PSYoungGen      total 8704K, used 1682K [0x00000000d5580000, 0x00000000d6000000, 0x0000000100000000)
  eden space 6656K, 0% used [0x00000000d5580000,0x00000000d5580000,0x00000000d5c00000)
  from space 2048K, 82% used [0x00000000d5d00000,0x00000000d5ea49b8,0x00000000d5f00000)
  to   space 1024K, 0% used [0x00000000d5f00000,0x00000000d5f00000,0x00000000d6000000)
 ParOldGen       total 205824K, used 205636K [0x0000000080000000, 0x000000008c900000, 0x00000000d5580000)
  object space 205824K, 99% used [0x0000000080000000,0x000000008c8d1328,0x000000008c900000)
 Metaspace       used 85104K, committed 86720K, reserved 1179648K
  class space    used 8417K, committed 9280K, reserved 1048576K
}
Event: 335152.224 GC heap before
{Heap before GC invocations=1849 (full 7):
 PSYoungGen      total 8704K, used 8338K [0x00000000d5580000, 0x00000000d6000000, 0x0000000100000000)
  eden space 6656K, 100% used [0x00000000d5580000,0x00000000d5c00000,0x00000000d5c00000)
  from space 2048K, 82% used [0x00000000d5d00000,0x00000000d5ea49b8,0x00000000d5f00000)
  to   space 1024K, 0% used [0x00000000d5f00000,0x00000000d5f00000,0x00000000d6000000)
 ParOldGen       total 205824K, used 205636K [0x0000000080000000, 0x000000008c900000, 0x00000000d5580000)
  object space 205824K, 99% used [0x0000000080000000,0x000000008c8d1328,0x000000008c900000)
 Metaspace       used 85184K, committed 86848K, reserved 1179648K
  class space    used 8439K, committed 9280K, reserved 1048576K
}
Event: 335152.258 GC heap after
{Heap after GC invocations=1849 (full 7):
 PSYoungGen      total 7168K, used 352K [0x00000000d5580000, 0x00000000d5f80000, 0x0000000100000000)
  eden space 6656K, 0% used [0x00000000d5580000,0x00000000d5580000,0x00000000d5c00000)
  from space 512K, 68% used [0x00000000d5f00000,0x00000000d5f58000,0x00000000d5f80000)
  to   space 1024K, 0% used [0x00000000d5d80000,0x00000000d5d80000,0x00000000d5e80000)
 ParOldGen       total 205824K, used 205804K [0x0000000080000000, 0x000000008c900000, 0x00000000d5580000)
  object space 205824K, 99% used [0x0000000080000000,0x000000008c8fb328,0x000000008c900000)
 Metaspace       used 85184K, committed 86848K, reserved 1179648K
  class space    used 8439K, committed 9280K, reserved 1048576K
}

