# JRE version: OpenJDK Runtime Environment Temurin-21.0.9+10 (21.0.9+10) (build 21.0.9+10-LTS)
# Java VM: OpenJDK 64-Bit Server VM Temurin-21.0.9+10 (21.0.9+10-LTS, mixed mode, sharing, tiered, compressed oops, compressed class ptrs, parallel gc, windows-amd64)
GC Precious Log:
 CardTable entry size: 512
 CPUs: 16 total, 16 available
 Memory: 16082M
 Large Page Support: Disabled
 NUMA Support: Disabled
 Compressed Oops: Enabled (32-bit)
 Alignments: Space 512K, Generation 512K, Heap 2M
 Heap Min Capacity: 100M
 Heap Initial Capacity: 100M
 Heap Max Capacity: 2G
 Pre-touch: Disabled
 Parallel Workers: 13
Heap:
 PSYoungGen      total 12800K, used 5065K [0x00000000d5580000, 0x00000000d6500000, 0x0000000100000000)
  eden space 10240K, 28% used [0x00000000d5580000,0x00000000d58602e0,0x00000000d5f80000)
  from space 2560K, 82% used [0x00000000d6280000,0x00000000d64922e0,0x00000000d6500000)
  to   space 2560K, 0% used [0x00000000d6000000,0x00000000d6000000,0x00000000d6280000)
 ParOldGen       total 103936K, used 59855K [0x0000000080000000, 0x0000000086580000, 0x00000000d5580000)
  object space 103936K, 57% used [0x0000000080000000,0x0000000083a73fe0,0x0000000086580000)
 Metaspace       used 63498K, committed 64832K, reserved 1114112K
  class space    used 6741K, committed 7360K, reserved 1048576K
GC Heap History (20 events):
Event: 8.391 GC heap before
{Heap before GC invocations=78 (full 3):
 PSYoungGen      total 11264K, used 11142K [0x00000000d5580000, 0x00000000d6500000, 0x0000000100000000)
  eden space 10240K, 100% used [0x00000000d5580000,0x00000000d5f80000,0x00000000d5f80000)
  from space 1024K, 88% used [0x00000000d6400000,0x00000000d64e1a38,0x00000000d6500000)
  to   space 1024K, 0% used [0x00000000d6300000,0x00000000d6300000,0x00000000d6400000)
 ParOldGen       total 103936K, used 52370K [0x0000000080000000, 0x0000000086580000, 0x00000000d5580000)
  object space 103936K, 50% used [0x0000000080000000,0x00000000833249c8,0x0000000086580000)
 Metaspace       used 60433K, committed 61696K, reserved 1114112K
  class space    used 6544K, committed 7104K, reserved 1048576K
}
Event: 8.392 GC heap after
{Heap after GC invocations=78 (full 3):
 PSYoungGen      total 10752K, used 480K [0x00000000d5580000, 0x00000000d6480000, 0x0000000100000000)
  eden space 10240K, 0% used [0x00000000d5580000,0x00000000d5580000,0x00000000d5f80000)
  from space 512K, 93% used [0x00000000d6300000,0x00000000d6378000,0x00000000d6380000)
  to   space 1024K, 0% used [0x00000000d6380000,0x00000000d6380000,0x00000000d6480000)
 ParOldGen       total 103936K, used 53010K [0x0000000080000000, 0x0000000086580000, 0x00000000d5580000)
  object space 103936K, 51% used [0x0000000080000000,0x00000000833c4a58,0x0000000086580000)
 Metaspace       used 60433K, committed 61696K, reserved 1114112K
  class space    used 6544K, committed 7104K, reserved 1048576K
}
Event: 8.404 GC heap before
{Heap before GC invocations=79 (full 3):
 PSYoungGen      total 10752K, used 10720K [0x00000000d5580000, 0x00000000d6480000, 0x0000000100000000)
  eden space 10240K, 100% used [0x00000000d5580000,0x00000000d5f80000,0x00000000d5f80000)
  from space 512K, 93% used [0x00000000d6300000,0x00000000d6378000,0x00000000d6380000)
  to   space 1024K, 0% used [0x00000000d6380000,0x00000000d6380000,0x00000000d6480000)
 ParOldGen       total 103936K, used 53010K [0x0000000080000000, 0x0000000086580000, 0x00000000d5580000)
  object space 103936K, 51% used [0x0000000080000000,0x00000000833c4a58,0x0000000086580000)
 Metaspace       used 60437K, committed 61696K, reserved 1114112K
  class space    used 6544K, committed 7104K, reserved 1048576K
}
Event: 8.405 GC heap after
{Heap after GC invocations=79 (full 3):
 PSYoungGen      total 10752K, used 416K [0x00000000d5580000, 0x00000000d6400000, 0x0000000100000000)
  eden space 10240K, 0% used [0x00000000d5580000,0x00000000d5580000,0x00000000d5f80000)
  from space 512K, 81% used [0x00000000d6380000,0x00000000d63e8000,0x00000000d6400000)
  to   space 512K, 0% used [0x00000000d6300000,0x00000000d6300000,0x00000000d6380000)
 ParOldGen       total 103936K, used 53266K [0x0000000080000000, 0x0000000086580000, 0x00000000d5580000)
  object space 103936K, 51% used [0x0000000080000000,0x0000000083404a68,0x0000000086580000)
 Metaspace       used 60437K, committed 61696K, reserved 1114112K
  class space    used 6544K, committed 7104K, reserved 1048576K
}
Event: 8.418 GC heap before
{Heap before GC invocations=80 (full 3):
 PSYoungGen      total 10752K, used 10656K [0x00000000d5580000, 0x00000000d6400000, 0x0000000100000000)
  eden space 10240K, 100% used [0x00000000d5580000,0x00000000d5f80000,0x00000000d5f80000)
  from space 512K, 81% used [0x00000000d6380000,0x00000000d63e8000,0x00000000d6400000)
  to   space 512K, 0% used [0x00000000d6300000,0x00000000d6300000,0x00000000d6380000)
 ParOldGen       total 103936K, used 53266K [0x0000000080000000, 0x0000000086580000, 0x00000000d5580000)
  object space 103936K, 51% used [0x0000000080000000,0x0000000083404a68,0x0000000086580000)
 Metaspace       used 60445K, committed 61760K, reserved 1114112K
  class space    used 6544K, committed 7104K, reserved 1048576K
}
Event: 8.419 GC heap after
{Heap after GC invocations=80 (full 3):
 PSYoungGen      total 10752K, used 497K [0x00000000d5580000, 0x00000000d6400000, 0x0000000100000000)
  eden space 10240K, 0% used [0x00000000d5580000,0x00000000d5580000,0x00000000d5f80000)
  from space 512K, 97% used [0x00000000d6300000,0x00000000d637c400,0x00000000d6380000)
  to   space 512K, 0% used [0x00000000d6380000,0x00000000d6380000,0x00000000d6400000)
 ParOldGen       total 103936K, used 53482K [0x0000000080000000, 0x0000000086580000, 0x00000000d5580000)
  object space 103936K, 51% used [0x0000000080000000,0x000000008343aa68,0x0000000086580000)
 Metaspace       used 60445K, committed 61760K, reserved 1114112K
  class space    used 6544K, committed 7104K, reserved 1048576K
}
Event: 8.434 GC heap before
{Heap before GC invocations=81 (full 3):
 PSYoungGen      total 10752K, used 10736K [0x00000000d5580000, 0x00000000d6400000, 0x0000000100000000)
  eden space 10240K, 99% used [0x00000000d5580000,0x00000000d5f7fff0,0x00000000d5f80000)
  from space 512K, 97% used [0x00000000d6300000,0x00000000d637c400,0x00000000d6380000)
  to   space 512K, 0% used [0x00000000d6380000,0x00000000d6380000,0x00000000d6400000)
 ParOldGen       total 103936K, used 53482K [0x0000000080000000, 0x0000000086580000, 0x00000000d5580000)
  object space 103936K, 51% used [0x0000000080000000,0x000000008343aa68,0x0000000086580000)
 Metaspace       used 60446K, committed 61760K, reserved 1114112K
  class space    used 6544K, committed 7104K, reserved 1048576K
}
Event: 8.434 GC heap after
{Heap after GC invocations=81 (full 3):
 PSYoungGen      total 10752K, used 448K [0x00000000d5580000, 0x00000000d6400000, 0x0000000100000000)
  eden space 10240K, 0% used [0x00000000d5580000,0x00000000d5580000,0x00000000d5f80000)
  from space 512K, 87% used [0x00000000d6380000,0x00000000d63f0000,0x00000000d6400000)
  to   space 512K, 0% used [0x00000000d6300000,0x00000000d6300000,0x00000000d6380000)
 ParOldGen       total 103936K, used 53827K [0x0000000080000000, 0x0000000086580000, 0x00000000d5580000)
  object space 103936K, 51% used [0x0000000080000000,0x0000000083490e68,0x0000000086580000)
 Metaspace       used 60446K, committed 61760K, reserved 1114112K
  class space    used 6544K, committed 7104K, reserved 1048576K
}
Event: 10.214 GC heap before
{Heap before GC invocations=82 (full 3):
 PSYoungGen      total 10752K, used 10658K [0x00000000d5580000, 0x00000000d6400000, 0x0000000100000000)
  eden space 10240K, 99% used [0x00000000d5580000,0x00000000d5f788f0,0x00000000d5f80000)
  from space 512K, 87% used [0x00000000d6380000,0x00000000d63f0000,0x00000000d6400000)
  to   space 512K, 0% used [0x00000000d6300000,0x00000000d6300000,0x00000000d6380000)
 ParOldGen       total 103936K, used 53827K [0x0000000080000000, 0x0000000086580000, 0x00000000d5580000)
  object space 103936K, 51% used [0x0000000080000000,0x0000000083490e68,0x0000000086580000)
 Metaspace       used 60460K, committed 61760K, reserved 1114112K
  class space    used 6544K, committed 7104K, reserved 1048576K
}
Event: 10.215 GC heap after
{Heap after GC invocations=82 (full 3):
 PSYoungGen      total 10752K, used 493K [0x00000000d5580000, 0x00000000d6400000, 0x0000000100000000)
  eden space 10240K, 0% used [0x00000000d5580000,0x00000000d5580000,0x00000000d5f80000)
  from space 512K, 96% used [0x00000000d6300000,0x00000000d637b748,0x00000000d6380000)
  to   space 512K, 0% used [0x00000000d6380000,0x00000000d6380000,0x00000000d6400000)
 ParOldGen       total 103936K, used 54202K [0x0000000080000000, 0x0000000086580000, 0x00000000d5580000)
  object space 103936K, 52% used [0x0000000080000000,0x00000000834eea20,0x0000000086580000)
 Metaspace       used 60460K, committed 61760K, reserved 1114112K
  class space    used 6544K, committed 7104K, reserved 1048576K
}
Event: 11.057 GC heap before
{Heap before GC invocations=83 (full 3):
 PSYoungGen      total 10752K, used 10733K [0x00000000d5580000, 0x00000000d6400000, 0x0000000100000000)
  eden space 10240K, 100% used [0x00000000d5580000,0x00000000d5f80000,0x00000000d5f80000)
  from space 512K, 96% used [0x00000000d6300000,0x00000000d637b748,0x00000000d6380000)
  to   space 512K, 0% used [0x00000000d6380000,0x00000000d6380000,0x00000000d6400000)
 ParOldGen       total 103936K, used 54202K [0x0000000080000000, 0x0000000086580000, 0x00000000d5580000)
  object space 103936K, 52% used [0x0000000080000000,0x00000000834eea20,0x0000000086580000)
 Metaspace       used 60697K, committed 62080K, reserved 1114112K
  class space    used 6566K, committed 7168K, reserved 1048576K
}
Event: 11.058 GC heap after
{Heap after GC invocations=83 (full 3):
 PSYoungGen      total 10752K, used 512K [0x00000000d5580000, 0x00000000d6400000, 0x0000000100000000)
  eden space 10240K, 0% used [0x00000000d5580000,0x00000000d5580000,0x00000000d5f80000)
  from space 512K, 100% used [0x00000000d6380000,0x00000000d6400000,0x00000000d6400000)
  to   space 1536K, 0% used [0x00000000d6100000,0x00000000d6100000,0x00000000d6280000)
 ParOldGen       total 103936K, used 55063K [0x0000000080000000, 0x0000000086580000, 0x00000000d5580000)
  object space 103936K, 52% used [0x0000000080000000,0x00000000835c5c58,0x0000000086580000)
 Metaspace       used 60697K, committed 62080K, reserved 1114112K
  class space    used 6566K, committed 7168K, reserved 1048576K
}
Event: 11.210 GC heap before
{Heap before GC invocations=84 (full 3):
 PSYoungGen      total 10752K, used 10752K [0x00000000d5580000, 0x00000000d6400000, 0x0000000100000000)
  eden space 10240K, 100% used [0x00000000d5580000,0x00000000d5f80000,0x00000000d5f80000)
  from space 512K, 100% used [0x00000000d6380000,0x00000000d6400000,0x00000000d6400000)
  to   space 1536K, 0% used [0x00000000d6100000,0x00000000d6100000,0x00000000d6280000)
 ParOldGen       total 103936K, used 55063K [0x0000000080000000, 0x0000000086580000, 0x00000000d5580000)
  object space 103936K, 52% used [0x0000000080000000,0x00000000835c5c58,0x0000000086580000)
 Metaspace       used 61237K, committed 62528K, reserved 1114112K
  class space    used 6606K, committed 7168K, reserved 1048576K
}
Event: 11.212 GC heap after
{Heap after GC invocations=84 (full 3):
 PSYoungGen      total 11776K, used 1511K [0x00000000d5580000, 0x00000000d6480000, 0x0000000100000000)
  eden space 10240K, 0% used [0x00000000d5580000,0x00000000d5580000,0x00000000d5f80000)
  from space 1536K, 98% used [0x00000000d6100000,0x00000000d6279c98,0x00000000d6280000)
  to   space 2048K, 0% used [0x00000000d6280000,0x00000000d6280000,0x00000000d6480000)
 ParOldGen       total 103936K, used 55852K [0x0000000080000000, 0x0000000086580000, 0x00000000d5580000)
  object space 103936K, 53% used [0x0000000080000000,0x000000008368b0c0,0x0000000086580000)
 Metaspace       used 61237K, committed 62528K, reserved 1114112K
  class space    used 6606K, committed 7168K, reserved 1048576K
}
Event: 11.325 GC heap before
{Heap before GC invocations=85 (full 3):
 PSYoungGen      total 11776K, used 11751K [0x00000000d5580000, 0x00000000d6480000, 0x0000000100000000)
  eden space 10240K, 100% used [0x00000000d5580000,0x00000000d5f80000,0x00000000d5f80000)
  from space 1536K, 98% used [0x00000000d6100000,0x00000000d6279c98,0x00000000d6280000)
  to   space 2048K, 0% used [0x00000000d6280000,0x00000000d6280000,0x00000000d6480000)
 ParOldGen       total 103936K, used 55852K [0x0000000080000000, 0x0000000086580000, 0x00000000d5580000)
  object space 103936K, 53% used [0x0000000080000000,0x000000008368b0c0,0x0000000086580000)
 Metaspace       used 61902K, committed 63232K, reserved 1114112K
  class space    used 6679K, committed 7232K, reserved 1048576K
}
Event: 11.327 GC heap after
{Heap after GC invocations=85 (full 3):
 PSYoungGen      total 11264K, used 931K [0x00000000d5580000, 0x00000000d6380000, 0x0000000100000000)
  eden space 10240K, 0% used [0x00000000d5580000,0x00000000d5580000,0x00000000d5f80000)
  from space 1024K, 90% used [0x00000000d6280000,0x00000000d6368d70,0x00000000d6380000)
  to   space 1536K, 0% used [0x00000000d6080000,0x00000000d6080000,0x00000000d6200000)
 ParOldGen       total 103936K, used 57386K [0x0000000080000000, 0x0000000086580000, 0x00000000d5580000)
  object space 103936K, 55% used [0x0000000080000000,0x000000008380a8b0,0x0000000086580000)
 Metaspace       used 61902K, committed 63232K, reserved 1114112K
  class space    used 6679K, committed 7232K, reserved 1048576K
}
Event: 11.478 GC heap before
{Heap before GC invocations=86 (full 3):
 PSYoungGen      total 11264K, used 11171K [0x00000000d5580000, 0x00000000d6380000, 0x0000000100000000)
  eden space 10240K, 100% used [0x00000000d5580000,0x00000000d5f80000,0x00000000d5f80000)
  from space 1024K, 90% used [0x00000000d6280000,0x00000000d6368d70,0x00000000d6380000)
  to   space 1536K, 0% used [0x00000000d6080000,0x00000000d6080000,0x00000000d6200000)
 ParOldGen       total 103936K, used 57386K [0x0000000080000000, 0x0000000086580000, 0x00000000d5580000)
  object space 103936K, 55% used [0x0000000080000000,0x000000008380a8b0,0x0000000086580000)
 Metaspace       used 62465K, committed 63808K, reserved 1114112K
  class space    used 6712K, committed 7296K, reserved 1048576K
}
Event: 11.479 GC heap after
{Heap after GC invocations=86 (full 3):
 PSYoungGen      total 11776K, used 1520K [0x00000000d5580000, 0x00000000d6580000, 0x0000000100000000)
  eden space 10240K, 0% used [0x00000000d5580000,0x00000000d5580000,0x00000000d5f80000)
  from space 1536K, 98% used [0x00000000d6080000,0x00000000d61fc080,0x00000000d6200000)
  to   space 3072K, 0% used [0x00000000d6280000,0x00000000d6280000,0x00000000d6580000)
 ParOldGen       total 103936K, used 58374K [0x0000000080000000, 0x0000000086580000, 0x00000000d5580000)
  object space 103936K, 56% used [0x0000000080000000,0x0000000083901a38,0x0000000086580000)
 Metaspace       used 62465K, committed 63808K, reserved 1114112K
  class space    used 6712K, committed 7296K, reserved 1048576K
}
Event: 11.671 GC heap before
{Heap before GC invocations=87 (full 3):
 PSYoungGen      total 11776K, used 11760K [0x00000000d5580000, 0x00000000d6580000, 0x0000000100000000)
  eden space 10240K, 100% used [0x00000000d5580000,0x00000000d5f80000,0x00000000d5f80000)
  from space 1536K, 98% used [0x00000000d6080000,0x00000000d61fc080,0x00000000d6200000)
  to   space 3072K, 0% used [0x00000000d6280000,0x00000000d6280000,0x00000000d6580000)
 ParOldGen       total 103936K, used 58374K [0x0000000080000000, 0x0000000086580000, 0x00000000d5580000)
  object space 103936K, 56% used [0x0000000080000000,0x0000000083901a38,0x0000000086580000)
 Metaspace       used 63301K, committed 64576K, reserved 1114112K
  class space    used 6739K, committed 7296K, reserved 1048576K
}
Event: 11.673 GC heap after
{Heap after GC invocations=87 (full 3):
 PSYoungGen      total 12800K, used 2120K [0x00000000d5580000, 0x00000000d6500000, 0x0000000100000000)
  eden space 10240K, 0% used [0x00000000d5580000,0x00000000d5580000,0x00000000d5f80000)
  from space 2560K, 82% used [0x00000000d6280000,0x00000000d64922e0,0x00000000d6500000)
  to   space 2560K, 0% used [0x00000000d6000000,0x00000000d6000000,0x00000000d6280000)
 ParOldGen       total 103936K, used 59855K [0x0000000080000000, 0x0000000086580000, 0x00000000d5580000)
  object space 103936K, 57% used [0x0000000080000000,0x0000000083a73fe0,0x0000000086580000)
 Metaspace       used 63301K, committed 64576K, reserved 1114112K
  class space    used 6739K, committed 7296K, reserved 1048576K
}

